<?xml version="1.0" encoding="UTF-8" ?>
<testsuite tests="7" failures="0" name="za.co.wethinkcode.robotworlds.TODOserver.Command.ActionsTest" time="29.063" errors="0" skipped="0">
  <properties>
    <property name="java.runtime.name" value="OpenJDK Runtime Environment"/>
    <property name="java.vm.version" value="11.0.12+7"/>
    <property name="sun.boot.library.path" value="C:\Program Files\Eclipse Foundation\jdk-11.0.12.7-hotspot\bin"/>
    <property name="maven.multiModuleProjectDirectory" value="C:\Users\Raees\Documents\uss-bonestell"/>
    <property name="java.vm.vendor" value="Eclipse Foundation"/>
    <property name="java.vendor.url" value="https://adoptium.net/"/>
    <property name="path.separator" value=";"/>
    <property name="guice.disable.misplaced.annotation.check" value="true"/>
    <property name="java.vm.name" value="OpenJDK 64-Bit Server VM"/>
    <property name="user.country" value="ZA"/>
    <property name="sun.java.launcher" value="SUN_STANDARD"/>
    <property name="user.script" value=""/>
    <property name="sun.os.patch.level" value=""/>
    <property name="user.dir" value="C:\Users\Raees\Documents\uss-bonestell"/>
    <property name="java.vm.compressedOopsMode" value="Zero based"/>
    <property name="java.vm.specification.name" value="Java Virtual Machine Specification"/>
    <property name="java.runtime.version" value="11.0.12+7"/>
    <property name="java.awt.graphicsenv" value="sun.awt.Win32GraphicsEnvironment"/>
    <property name="os.arch" value="amd64"/>
    <property name="java.io.tmpdir" value="C:\Users\Raees\AppData\Local\Temp\"/>
    <property name="line.separator" value="
"/>
    <property name="java.vm.specification.vendor" value="Oracle Corporation"/>
    <property name="user.variant" value=""/>
    <property name="os.name" value="Windows 10"/>
    <property name="classworlds.conf" value="C:\apache-maven-3.8.2\bin\m2.conf"/>
    <property name="sun.jnu.encoding" value="Cp1252"/>
    <property name="java.library.path" value="C:\Program Files\Eclipse Foundation\jdk-11.0.12.7-hotspot\bin;C:\WINDOWS\Sun\Java\bin;C:\WINDOWS\system32;C:\WINDOWS;C:\Program Files\Eclipse Foundation\jdk-11.0.12.7-hotspot\bin;C:\Program Files (x86)\Common Files\Oracle\Java\javapath;C:\WINDOWS\system32;C:\WINDOWS;C:\WINDOWS\System32\Wbem;C:\WINDOWS\System32\WindowsPowerShell\v1.0\;C:\WINDOWS\System32\OpenSSH\;C:\Program Files\Microsoft SQL Server\130\Tools\Binn\;C:\Program Files\dotnet\;C:\Program Files\Microsoft SQL Server\Client SDK\ODBC\170\Tools\Binn\;C:\Program Files (x86)\GnuWin32\bin;C:\Program Files\Git\cmd;C:\apache-maven-3.8.2\bin;C:\Users\Raees\Documents\flutter2.2.3-stable\flutter\bin;C:\ProgramData\chocolatey\bin;C:\Program Files (x86)\GnuWin32;C:\Program Files (x86)\GnuPG;;C:\Program Files (x86)\Gpg4win\..\GnuPG\bin;C:\Program Files\Docker\Docker\resources\bin;C:\ProgramData\DockerDesktop\version-bin;C:\Users\Raees\AppData\Local\Microsoft\WindowsApps;C:\Users\Raees\AppData\Local\Programs\Microsoft VS Code\bin;C:\Users\Raees\.dotnet\tools;C:\Users\Raees\AppData\Local\Microsoft\WindowsApps;C:\Users\Raees\AppData\Local\GitHubDesktop\bin;C:\Users\Raees\.dotnet\tools;C:\Program Files\JetBrains\IntelliJ IDEA Community Edition 2021.2\bin;;C:\tools\dart-sdk\bin;C:\Users\Raees\AppData\Roaming\Pub\Cache\bin;;."/>
    <property name="maven.conf" value="C:\apache-maven-3.8.2/conf"/>
    <property name="jdk.debug" value="release"/>
    <property name="java.class.version" value="55.0"/>
    <property name="java.specification.name" value="Java Platform API Specification"/>
    <property name="sun.management.compiler" value="HotSpot 64-Bit Tiered Compilers"/>
    <property name="os.version" value="10.0"/>
    <property name="user.home" value="C:\Users\Raees"/>
    <property name="user.timezone" value="Africa/Harare"/>
    <property name="java.awt.printerjob" value="sun.awt.windows.WPrinterJob"/>
    <property name="file.encoding" value="Cp1252"/>
    <property name="java.specification.version" value="11"/>
    <property name="java.class.path" value="C:\apache-maven-3.8.2\boot\plexus-classworlds-2.6.0.jar"/>
    <property name="user.name" value="Raees"/>
    <property name="java.vm.specification.version" value="11"/>
    <property name="sun.arch.data.model" value="64"/>
    <property name="sun.java.command" value="org.codehaus.plexus.classworlds.launcher.Launcher package"/>
    <property name="java.home" value="C:\Program Files\Eclipse Foundation\jdk-11.0.12.7-hotspot"/>
    <property name="user.language" value="en"/>
    <property name="java.specification.vendor" value="Oracle Corporation"/>
    <property name="awt.toolkit" value="sun.awt.windows.WToolkit"/>
    <property name="java.vm.info" value="mixed mode"/>
    <property name="java.version" value="11.0.12"/>
    <property name="java.vendor" value="Eclipse Foundation"/>
    <property name="sun.stderr.encoding" value="cp850"/>
    <property name="maven.home" value="C:\apache-maven-3.8.2"/>
    <property name="file.separator" value="\"/>
    <property name="java.version.date" value="2021-07-20"/>
    <property name="java.vendor.url.bug" value="https://github.com/adoptium/adoptium-support/issues"/>
    <property name="sun.cpu.endian" value="little"/>
    <property name="sun.io.unicode.encoding" value="UnicodeLittle"/>
    <property name="java.vendor.version" value="Temurin-11.0.12+7"/>
    <property name="sun.stdout.encoding" value="cp850"/>
    <property name="sun.desktop" value="windows"/>
    <property name="sun.cpu.isalist" value="amd64"/>
  </properties>
  <testcase classname="za.co.wethinkcode.robotworlds.TODOserver.Command.ActionsTest" name="TestMineCommand" time="7.038"/>
  <testcase classname="za.co.wethinkcode.robotworlds.TODOserver.Command.ActionsTest" name="TestRepairCommandExecute" time="5.003"/>
  <testcase classname="za.co.wethinkcode.robotworlds.TODOserver.Command.ActionsTest" name="TestFireCheckShotHitFalse" time="0"/>
  <testcase classname="za.co.wethinkcode.robotworlds.TODOserver.Command.ActionsTest" name="TestReloadCommand" time="5.013"/>
  <testcase classname="za.co.wethinkcode.robotworlds.TODOserver.Command.ActionsTest" name="TestFireCheckShotHitTrue" time="0"/>
  <testcase classname="za.co.wethinkcode.robotworlds.TODOserver.Command.ActionsTest" name="TestReloadCommandExecute" time="5.005"/>
  <testcase classname="za.co.wethinkcode.robotworlds.TODOserver.Command.ActionsTest" name="TestMineCommandExecute" time="7.004"/>
</testsuite>